time iter num.topics num.tables likelihood gamma alpha split merge trial
    0.00 00000 0003 00425 -3827.11974 0.10000 1.00000 0 0 0
    0.00 00001 0003 00406 -3840.90452 0.10000 1.00000 0 0 0
    0.00 00002 0003 00435 -3866.53423 0.10000 1.00000 0 0 0
    0.00 00003 0004 00424 -3847.83911 0.10000 1.00000 0 0 0
    0.00 00004 0004 00429 -3816.89103 0.10000 1.00000 0 0 0
    0.00 00005 0004 00414 -3782.23492 0.10000 1.00000 0 0 0
    0.00 00006 0003 00412 -3794.47158 0.10000 1.00000 0 0 0
    0.00 00007 0003 00399 -3757.41725 0.10000 1.00000 0 0 0
    0.00 00008 0003 00393 -3757.84763 0.10000 1.00000 0 0 0
    0.00 00009 0003 00390 -3769.26813 0.10000 1.00000 0 0 0
    0.00 00010 0003 00384 -3688.78053 0.10000 1.00000 0 0 0
    0.00 00011 0003 00389 -3656.36389 0.10000 1.00000 0 0 0
    0.00 00012 0003 00383 -3653.54120 0.10000 1.00000 0 0 0
    0.00 00013 0003 00380 -3673.63128 0.10000 1.00000 0 0 0
    0.00 00014 0003 00390 -3677.27262 0.10000 1.00000 0 0 0
    0.00 00015 0003 00405 -3725.95574 0.10000 1.00000 0 0 0
    0.00 00016 0003 00421 -3789.04277 0.10000 1.00000 0 0 0
    0.00 00017 0003 00405 -3765.98269 0.10000 1.00000 0 0 0
    0.00 00018 0004 00388 -3720.60645 0.10000 1.00000 0 0 0
    0.00 00019 0003 00394 -3735.63873 0.10000 1.00000 0 0 0
    0.00 00020 0003 00401 -3718.09067 0.10000 1.00000 0 0 0
    0.00 00021 0003 00388 -3718.30100 0.10000 1.00000 0 0 0
    0.00 00022 0003 00393 -3689.22951 0.10000 1.00000 0 0 0
    0.00 00023 0003 00398 -3740.76546 0.10000 1.00000 0 0 0
    0.00 00024 0003 00390 -3696.22235 0.10000 1.00000 0 0 0
    0.00 00025 0003 00388 -3707.70476 0.10000 1.00000 0 0 0
    0.00 00026 0003 00402 -3709.82827 0.10000 1.00000 0 0 0
    0.00 00027 0004 00387 -3692.76119 0.10000 1.00000 0 0 0
    0.00 00028 0003 00377 -3671.46768 0.10000 1.00000 0 0 0
    0.00 00029 0003 00404 -3745.14462 0.10000 1.00000 0 0 0
    0.00 00030 0003 00386 -3703.35999 0.10000 1.00000 0 0 0
    0.00 00031 0004 00412 -3750.15560 0.10000 1.00000 0 0 0
    0.00 00032 0003 00394 -3716.06479 0.10000 1.00000 0 0 0
    0.00 00033 0003 00396 -3748.35289 0.10000 1.00000 0 0 0
    0.00 00034 0003 00406 -3763.88001 0.10000 1.00000 0 0 0
    0.00 00035 0003 00407 -3730.37105 0.10000 1.00000 0 0 0
    0.00 00036 0003 00380 -3702.26090 0.10000 1.00000 0 0 0
    0.00 00037 0003 00387 -3724.03094 0.10000 1.00000 0 0 0
    0.00 00038 0003 00393 -3760.98391 0.10000 1.00000 0 0 0
    0.00 00039 0003 00398 -3761.73856 0.10000 1.00000 0 0 0
    0.00 00040 0004 00391 -3727.55093 0.10000 1.00000 0 0 0
    0.00 00041 0003 00397 -3724.63090 0.10000 1.00000 0 0 0
    0.00 00042 0004 00417 -3795.69880 0.10000 1.00000 0 0 0
    0.00 00043 0005 00413 -3808.78699 0.10000 1.00000 0 0 0
    0.00 00044 0005 00393 -3757.47428 0.10000 1.00000 0 0 0
    0.00 00045 0005 00399 -3742.24067 0.10000 1.00000 0 0 0
    0.00 00046 0004 00393 -3742.09570 0.10000 1.00000 0 0 0
    0.00 00047 0004 00387 -3704.63742 0.10000 1.00000 0 0 0
    0.00 00048 0004 00390 -3710.42773 0.10000 1.00000 0 0 0
    0.00 00049 0004 00379 -3676.35515 0.10000 1.00000 0 0 0
    0.00 00050 0004 00407 -3795.48332 0.10000 1.00000 0 0 0
    0.00 00051 0004 00385 -3715.79864 0.10000 1.00000 0 0 0
    0.00 00052 0004 00397 -3739.57019 0.10000 1.00000 0 0 0
    0.00 00053 0004 00374 -3712.66014 0.10000 1.00000 0 0 0
    0.00 00054 0004 00378 -3700.78346 0.10000 1.00000 0 0 0
    0.00 00055 0004 00386 -3712.54649 0.10000 1.00000 0 0 0
    0.00 00056 0004 00371 -3676.42682 0.10000 1.00000 0 0 0
    0.00 00057 0004 00381 -3690.90438 0.10000 1.00000 0 0 0
    0.00 00058 0004 00379 -3703.34677 0.10000 1.00000 0 0 0
    0.00 00059 0004 00387 -3693.69988 0.10000 1.00000 0 0 0
    0.00 00060 0004 00400 -3749.32664 0.10000 1.00000 0 0 0
    0.00 00061 0004 00399 -3782.93534 0.10000 1.00000 0 0 0
    0.00 00062 0004 00384 -3731.54423 0.10000 1.00000 0 0 0
    0.00 00063 0004 00408 -3742.06717 0.10000 1.00000 0 0 0
    0.00 00064 0004 00385 -3686.49649 0.10000 1.00000 0 0 0
    0.00 00065 0004 00381 -3727.90353 0.10000 1.00000 0 0 0
    0.00 00066 0004 00376 -3728.40529 0.10000 1.00000 0 0 0
    0.00 00067 0004 00391 -3719.80675 0.10000 1.00000 0 0 0
    0.00 00068 0005 00388 -3722.89826 0.10000 1.00000 0 0 0
    0.00 00069 0005 00368 -3726.33466 0.10000 1.00000 0 0 0
    0.00 00070 0004 00385 -3711.23705 0.10000 1.00000 0 0 0
    0.00 00071 0004 00388 -3736.36990 0.10000 1.00000 0 0 0
    0.00 00072 0004 00367 -3693.39631 0.10000 1.00000 0 0 0
    0.00 00073 0005 00386 -3727.67297 0.10000 1.00000 0 0 0
    0.00 00074 0004 00373 -3697.54957 0.10000 1.00000 0 0 0
    0.00 00075 0004 00367 -3721.44600 0.10000 1.00000 0 0 0
    0.00 00076 0004 00371 -3738.16830 0.10000 1.00000 0 0 0
    0.00 00077 0004 00386 -3804.13778 0.10000 1.00000 0 0 0
    0.00 00078 0004 00384 -3749.32428 0.10000 1.00000 0 0 0
    0.00 00079 0004 00390 -3749.85589 0.10000 1.00000 0 0 0
    0.00 00080 0004 00365 -3709.08034 0.10000 1.00000 0 0 0
    0.00 00081 0004 00389 -3763.39991 0.10000 1.00000 0 0 0
    0.00 00082 0004 00391 -3810.88183 0.10000 1.00000 0 0 0
    0.00 00083 0004 00392 -3776.77728 0.10000 1.00000 0 0 0
    0.00 00084 0004 00381 -3754.59105 0.10000 1.00000 0 0 0
    0.00 00085 0005 00389 -3738.71684 0.10000 1.00000 0 0 0
    0.00 00086 0005 00382 -3746.59026 0.10000 1.00000 0 0 0
    0.00 00087 0004 00415 -3810.60737 0.10000 1.00000 0 0 0
    0.00 00088 0004 00396 -3785.22643 0.10000 1.00000 0 0 0
    0.00 00089 0004 00380 -3777.58832 0.10000 1.00000 0 0 0
    0.00 00090 0004 00380 -3758.46075 0.10000 1.00000 0 0 0
    0.00 00091 0004 00365 -3750.47802 0.10000 1.00000 0 0 0
    0.00 00092 0004 00363 -3741.46797 0.10000 1.00000 0 0 0
    0.00 00093 0004 00369 -3759.55903 0.10000 1.00000 0 0 0
    0.00 00094 0005 00375 -3749.21267 0.10000 1.00000 0 0 0
    0.00 00095 0004 00380 -3761.84602 0.10000 1.00000 0 0 0
    0.00 00096 0004 00380 -3769.67541 0.10000 1.00000 0 0 0
    0.00 00097 0005 00379 -3746.88602 0.10000 1.00000 0 0 0
    0.00 00098 0005 00379 -3777.07536 0.10000 1.00000 0 0 0
    0.00 00099 0004 00373 -3731.08358 0.10000 1.00000 0 0 0
    0.00 00100 0004 00398 -3765.35225 0.10000 1.00000 0 0 0
    0.00 00101 0004 00401 -3788.71320 0.10000 1.00000 0 0 0
    0.00 00102 0004 00388 -3770.76594 0.10000 1.00000 0 0 0
    0.00 00103 0004 00381 -3704.89129 0.10000 1.00000 0 0 0
    0.00 00104 0005 00377 -3730.37307 0.10000 1.00000 0 0 0
    0.00 00105 0006 00387 -3778.12261 0.10000 1.00000 0 0 0
    0.00 00106 0005 00386 -3819.76108 0.10000 1.00000 0 0 0
    0.00 00107 0004 00375 -3740.23547 0.10000 1.00000 0 0 0
    0.00 00108 0004 00372 -3691.76179 0.10000 1.00000 0 0 0
    0.00 00109 0005 00375 -3736.87567 0.10000 1.00000 0 0 0
    0.00 00110 0004 00382 -3717.14414 0.10000 1.00000 0 0 0
    0.00 00111 0004 00374 -3718.67182 0.10000 1.00000 0 0 0
    0.00 00112 0004 00389 -3718.39000 0.10000 1.00000 0 0 0
    0.00 00113 0004 00389 -3740.99642 0.10000 1.00000 0 0 0
    0.00 00114 0004 00387 -3755.89327 0.10000 1.00000 0 0 0
    0.00 00115 0004 00387 -3746.95954 0.10000 1.00000 0 0 0
    0.00 00116 0004 00399 -3782.23187 0.10000 1.00000 0 0 0
    0.00 00117 0004 00385 -3755.30757 0.10000 1.00000 0 0 0
    0.00 00118 0004 00374 -3731.13789 0.10000 1.00000 0 0 0
    0.00 00119 0004 00391 -3768.72832 0.10000 1.00000 0 0 0
    0.00 00120 0004 00387 -3779.60471 0.10000 1.00000 0 0 0
    0.00 00121 0004 00388 -3765.60054 0.10000 1.00000 0 0 0
    0.00 00122 0004 00375 -3734.31643 0.10000 1.00000 0 0 0
    0.00 00123 0004 00404 -3783.70172 0.10000 1.00000 0 0 0
    0.00 00124 0004 00385 -3749.98180 0.10000 1.00000 0 0 0
    0.00 00125 0004 00370 -3716.14718 0.10000 1.00000 0 0 0
    0.00 00126 0004 00381 -3725.37342 0.10000 1.00000 0 0 0
    0.00 00127 0004 00389 -3711.42120 0.10000 1.00000 0 0 0
    0.00 00128 0005 00399 -3717.49827 0.10000 1.00000 0 0 0
    0.00 00129 0004 00390 -3756.94498 0.10000 1.00000 0 0 0
    0.00 00130 0004 00386 -3728.67778 0.10000 1.00000 0 0 0
    0.00 00131 0004 00395 -3749.44287 0.10000 1.00000 0 0 0
    0.00 00132 0004 00389 -3751.96988 0.10000 1.00000 0 0 0
    0.00 00133 0004 00398 -3745.42417 0.10000 1.00000 0 0 0
    0.00 00134 0004 00381 -3746.28714 0.10000 1.00000 0 0 0
    0.00 00135 0004 00375 -3718.71009 0.10000 1.00000 0 0 0
    0.00 00136 0004 00394 -3771.21368 0.10000 1.00000 0 0 0
    0.00 00137 0004 00384 -3789.93961 0.10000 1.00000 0 0 0
    0.00 00138 0004 00391 -3772.22549 0.10000 1.00000 0 0 0
    0.00 00139 0004 00393 -3776.60855 0.10000 1.00000 0 0 0
    0.00 00140 0004 00389 -3739.22677 0.10000 1.00000 0 0 0
    0.00 00141 0005 00392 -3748.83485 0.10000 1.00000 0 0 0
    0.00 00142 0005 00395 -3749.32121 0.10000 1.00000 0 0 0
    0.00 00143 0005 00390 -3673.53308 0.10000 1.00000 0 0 0
    0.00 00144 0005 00377 -3691.53872 0.10000 1.00000 0 0 0
    0.00 00145 0006 00393 -3718.78069 0.10000 1.00000 0 0 0
    0.00 00146 0005 00394 -3709.80468 0.10000 1.00000 0 0 0
    0.00 00147 0005 00367 -3663.22625 0.10000 1.00000 0 0 0
    0.00 00148 0005 00388 -3678.11771 0.10000 1.00000 0 0 0
    0.00 00149 0005 00374 -3708.71565 0.10000 1.00000 0 0 0
    0.00 00150 0005 00377 -3702.62162 0.10000 1.00000 0 0 0
    0.00 00151 0005 00408 -3823.24668 0.10000 1.00000 0 0 0
    0.00 00152 0005 00408 -3814.95196 0.10000 1.00000 0 0 0
    0.00 00153 0005 00401 -3765.55121 0.10000 1.00000 0 0 0
    0.00 00154 0005 00386 -3670.55803 0.10000 1.00000 0 0 0
    0.00 00155 0005 00395 -3695.85912 0.10000 1.00000 0 0 0
    0.00 00156 0005 00383 -3680.67535 0.10000 1.00000 0 0 0
    0.00 00157 0005 00398 -3746.97520 0.10000 1.00000 0 0 0
    0.00 00158 0005 00392 -3770.14128 0.10000 1.00000 0 0 0
    0.00 00159 0005 00403 -3799.82623 0.10000 1.00000 0 0 0
    0.00 00160 0005 00388 -3790.10646 0.10000 1.00000 0 0 0
    0.00 00161 0005 00395 -3828.24113 0.10000 1.00000 0 0 0
    0.00 00162 0005 00385 -3749.73818 0.10000 1.00000 0 0 0
    0.00 00163 0005 00375 -3728.28312 0.10000 1.00000 0 0 0
    0.00 00164 0005 00382 -3793.82788 0.10000 1.00000 0 0 0
    0.00 00165 0005 00395 -3817.29724 0.10000 1.00000 0 0 0
    0.00 00166 0005 00390 -3733.01522 0.10000 1.00000 0 0 0
    0.00 00167 0005 00403 -3830.53431 0.10000 1.00000 0 0 0
    0.00 00168 0005 00403 -3800.99711 0.10000 1.00000 0 0 0
    0.00 00169 0005 00403 -3812.49632 0.10000 1.00000 0 0 0
    0.00 00170 0005 00376 -3720.68658 0.10000 1.00000 0 0 0
    0.00 00171 0005 00387 -3765.28544 0.10000 1.00000 0 0 0
    0.00 00172 0005 00382 -3752.10373 0.10000 1.00000 0 0 0
    0.00 00173 0005 00389 -3820.56460 0.10000 1.00000 0 0 0
    0.00 00174 0005 00382 -3721.00110 0.10000 1.00000 0 0 0
    0.00 00175 0006 00397 -3829.42342 0.10000 1.00000 0 0 0
    0.00 00176 0007 00382 -3782.32411 0.10000 1.00000 0 0 0
    0.00 00177 0005 00367 -3735.74047 0.10000 1.00000 0 0 0
    0.00 00178 0005 00374 -3721.43061 0.10000 1.00000 0 0 0
    0.00 00179 0005 00374 -3680.73067 0.10000 1.00000 0 0 0
    0.00 00180 0005 00394 -3800.36115 0.10000 1.00000 0 0 0
    0.00 00181 0005 00372 -3727.39819 0.10000 1.00000 0 0 0
    0.00 00182 0005 00363 -3685.16428 0.10000 1.00000 0 0 0
    0.00 00183 0005 00388 -3768.37078 0.10000 1.00000 0 0 0
    0.00 00184 0006 00380 -3791.33872 0.10000 1.00000 0 0 0
    0.00 00185 0005 00383 -3794.95349 0.10000 1.00000 0 0 0
    0.00 00186 0005 00373 -3811.14801 0.10000 1.00000 0 0 0
    0.00 00187 0005 00392 -3809.17669 0.10000 1.00000 0 0 0
    0.00 00188 0005 00395 -3824.72380 0.10000 1.00000 0 0 0
    0.00 00189 0005 00377 -3785.48021 0.10000 1.00000 0 0 0
    0.00 00190 0005 00377 -3775.06830 0.10000 1.00000 0 0 0
    0.00 00191 0005 00387 -3787.56144 0.10000 1.00000 0 0 0
    0.00 00192 0005 00374 -3779.71159 0.10000 1.00000 0 0 0
    0.00 00193 0005 00376 -3711.49920 0.10000 1.00000 0 0 0
    0.00 00194 0005 00374 -3761.07857 0.10000 1.00000 0 0 0
    0.00 00195 0005 00372 -3700.88802 0.10000 1.00000 0 0 0
    0.00 00196 0005 00384 -3737.44934 0.10000 1.00000 0 0 0
    0.00 00197 0005 00391 -3773.59663 0.10000 1.00000 0 0 0
    0.00 00198 0005 00397 -3771.69370 0.10000 1.00000 0 0 0
    0.00 00199 0005 00400 -3790.53166 0.10000 1.00000 0 0 0
    0.00 00200 0005 00391 -3826.86146 0.10000 1.00000 0 0 0
    0.00 00201 0005 00390 -3838.61395 0.10000 1.00000 0 0 0
    0.00 00202 0005 00389 -3819.55804 0.10000 1.00000 0 0 0
    0.00 00203 0005 00387 -3811.63016 0.10000 1.00000 0 0 0
    0.00 00204 0005 00403 -3765.12469 0.10000 1.00000 0 0 0
    0.00 00205 0005 00390 -3780.21689 0.10000 1.00000 0 0 0
    0.00 00206 0005 00390 -3815.60451 0.10000 1.00000 0 0 0
    0.00 00207 0005 00377 -3730.08606 0.10000 1.00000 0 0 0
    0.00 00208 0005 00374 -3715.97934 0.10000 1.00000 0 0 0
    0.00 00209 0005 00365 -3756.90144 0.10000 1.00000 0 0 0
    0.00 00210 0005 00367 -3709.39548 0.10000 1.00000 0 0 0
    0.00 00211 0005 00386 -3758.07412 0.10000 1.00000 0 0 0
    0.00 00212 0005 00379 -3778.08796 0.10000 1.00000 0 0 0
    0.00 00213 0005 00368 -3789.87855 0.10000 1.00000 0 0 0
    0.00 00214 0005 00374 -3771.90144 0.10000 1.00000 0 0 0
    0.00 00215 0005 00390 -3769.43836 0.10000 1.00000 0 0 0
    0.00 00216 0005 00399 -3780.37528 0.10000 1.00000 0 0 0
    0.00 00217 0005 00400 -3807.74563 0.10000 1.00000 0 0 0
    0.00 00218 0005 00382 -3794.00249 0.10000 1.00000 0 0 0
    0.00 00219 0005 00401 -3850.83996 0.10000 1.00000 0 0 0
    0.00 00220 0005 00370 -3753.88015 0.10000 1.00000 0 0 0
    0.00 00221 0005 00385 -3803.16041 0.10000 1.00000 0 0 0
    0.00 00222 0005 00386 -3715.66416 0.10000 1.00000 0 0 0
    0.00 00223 0005 00385 -3691.38490 0.10000 1.00000 0 0 0
    0.00 00224 0005 00392 -3731.64951 0.10000 1.00000 0 0 0
    0.00 00225 0005 00395 -3733.08465 0.10000 1.00000 0 0 0
    0.00 00226 0005 00376 -3752.47443 0.10000 1.00000 0 0 0
    0.00 00227 0005 00368 -3696.37019 0.10000 1.00000 0 0 0
    0.00 00228 0005 00383 -3767.59716 0.10000 1.00000 0 0 0
    0.00 00229 0005 00395 -3772.56924 0.10000 1.00000 0 0 0
    0.00 00230 0005 00396 -3771.69362 0.10000 1.00000 0 0 0
    0.00 00231 0005 00398 -3804.43729 0.10000 1.00000 0 0 0
    0.00 00232 0005 00409 -3802.36785 0.10000 1.00000 0 0 0
    0.00 00233 0005 00402 -3767.55853 0.10000 1.00000 0 0 0
    0.00 00234 0005 00391 -3727.89201 0.10000 1.00000 0 0 0
    0.00 00235 0005 00385 -3734.86178 0.10000 1.00000 0 0 0
    0.00 00236 0005 00393 -3767.66108 0.10000 1.00000 0 0 0
    0.00 00237 0005 00390 -3742.23684 0.10000 1.00000 0 0 0
    0.00 00238 0005 00385 -3741.66192 0.10000 1.00000 0 0 0
    0.00 00239 0005 00377 -3776.44404 0.10000 1.00000 0 0 0
    0.00 00240 0005 00379 -3767.98031 0.10000 1.00000 0 0 0
    0.00 00241 0005 00397 -3802.58702 0.10000 1.00000 0 0 0
    0.00 00242 0005 00379 -3713.37530 0.10000 1.00000 0 0 0
    0.00 00243 0005 00380 -3678.94751 0.10000 1.00000 0 0 0
    0.00 00244 0005 00371 -3711.35314 0.10000 1.00000 0 0 0
    0.00 00245 0005 00382 -3733.62075 0.10000 1.00000 0 0 0
    0.00 00246 0005 00392 -3797.72342 0.10000 1.00000 0 0 0
    0.00 00247 0005 00394 -3811.76258 0.10000 1.00000 0 0 0
    0.00 00248 0005 00404 -3833.84448 0.10000 1.00000 0 0 0
    0.00 00249 0005 00390 -3729.48104 0.10000 1.00000 0 0 0
    0.00 00250 0005 00388 -3774.80439 0.10000 1.00000 0 0 0
    0.00 00251 0006 00361 -3645.21560 0.10000 1.00000 0 0 0
    0.00 00252 0005 00385 -3705.33722 0.10000 1.00000 0 0 0
    0.00 00253 0005 00379 -3689.25643 0.10000 1.00000 0 0 0
    0.00 00254 0005 00380 -3708.75474 0.10000 1.00000 0 0 0
    0.00 00255 0005 00383 -3698.87371 0.10000 1.00000 0 0 0
    0.00 00256 0005 00400 -3784.69995 0.10000 1.00000 0 0 0
    0.00 00257 0005 00388 -3733.97078 0.10000 1.00000 0 0 0
    0.00 00258 0005 00368 -3730.21767 0.10000 1.00000 0 0 0
    0.00 00259 0005 00371 -3724.57556 0.10000 1.00000 0 0 0
    0.00 00260 0005 00385 -3759.50766 0.10000 1.00000 0 0 0
    0.00 00261 0005 00361 -3676.53486 0.10000 1.00000 0 0 0
    0.00 00262 0005 00375 -3723.96970 0.10000 1.00000 0 0 0
    0.00 00263 0005 00372 -3721.55652 0.10000 1.00000 0 0 0
    0.00 00264 0005 00399 -3799.57412 0.10000 1.00000 0 0 0
    0.00 00265 0005 00397 -3729.52811 0.10000 1.00000 0 0 0
    0.00 00266 0005 00375 -3709.28241 0.10000 1.00000 0 0 0
    0.00 00267 0005 00378 -3751.26898 0.10000 1.00000 0 0 0
    0.00 00268 0005 00396 -3808.08869 0.10000 1.00000 0 0 0
    0.00 00269 0006 00399 -3819.49436 0.10000 1.00000 0 0 0
    0.00 00270 0005 00389 -3784.54953 0.10000 1.00000 0 0 0
    0.00 00271 0005 00405 -3827.56642 0.10000 1.00000 0 0 0
    0.00 00272 0005 00393 -3818.81449 0.10000 1.00000 0 0 0
    0.00 00273 0005 00410 -3845.85977 0.10000 1.00000 0 0 0
    0.00 00274 0007 00401 -3864.19589 0.10000 1.00000 0 0 0
    0.00 00275 0006 00381 -3801.55771 0.10000 1.00000 0 0 0
    0.00 00276 0006 00366 -3761.55446 0.10000 1.00000 0 0 0
    0.00 00277 0006 00399 -3752.82385 0.10000 1.00000 0 0 0
    0.00 00278 0006 00374 -3737.79543 0.10000 1.00000 0 0 0
    0.00 00279 0005 00387 -3780.76374 0.10000 1.00000 0 0 0
    0.00 00280 0005 00380 -3754.81477 0.10000 1.00000 0 0 0
    0.00 00281 0005 00376 -3731.27671 0.10000 1.00000 0 0 0
    0.00 00282 0005 00390 -3791.54677 0.10000 1.00000 0 0 0
    0.00 00283 0005 00366 -3721.18964 0.10000 1.00000 0 0 0
    0.00 00284 0005 00382 -3712.34133 0.10000 1.00000 0 0 0
    0.00 00285 0005 00372 -3710.66052 0.10000 1.00000 0 0 0
    0.00 00286 0005 00391 -3726.46033 0.10000 1.00000 0 0 0
    0.00 00287 0005 00380 -3734.74459 0.10000 1.00000 0 0 0
    0.00 00288 0005 00399 -3795.24930 0.10000 1.00000 0 0 0
    0.00 00289 0006 00384 -3760.45692 0.10000 1.00000 0 0 0
    0.00 00290 0005 00375 -3712.48293 0.10000 1.00000 0 0 0
    0.00 00291 0005 00393 -3773.05735 0.10000 1.00000 0 0 0
    0.00 00292 0005 00397 -3816.87821 0.10000 1.00000 0 0 0
    0.00 00293 0005 00383 -3737.76634 0.10000 1.00000 0 0 0
    0.00 00294 0005 00399 -3791.08603 0.10000 1.00000 0 0 0
    0.00 00295 0005 00382 -3756.99558 0.10000 1.00000 0 0 0
    0.00 00296 0005 00376 -3713.22466 0.10000 1.00000 0 0 0
    0.00 00297 0005 00379 -3749.40492 0.10000 1.00000 0 0 0
    0.00 00298 0005 00376 -3730.88987 0.10000 1.00000 0 0 0
    0.00 00299 0005 00392 -3820.05206 0.10000 1.00000 0 0 0
